2022-11-27 10:27:54.561120 DEBUG BF_PLTFM Platform-mgr started 

2022-11-27 10:27:54.564362 DEBUG BF_PLTFM cdc_ethernet port is enp0s29u1u1u2

2022-11-27 10:27:55.207748 DEBUG BF_PLTFM EEPROM DATA FROM BMC 
 {
	"Information":	{
		"Location on Fabric":	"Montara",
		"Product Sub-Version":	"3",
		"Facebook PCB Part Number":	"035-000003-02",
		"CRC8":	"0x26",
		"System Assembly Part Number":	"015-000003-02",
		"Product Serial Number":	"AI24055845",
		"System Manufacturing Date":	"06-21-18",
		"Local MAC":	"3C:2C:99:DF:0A:08",
		"Assembled At":	"Joytech",
		"ODM PCBA Serial Number":	"AI24054892",
		"Product Asset Tag":	"000000001",
		"Product Name":	"Montara",
		"ODM PCBA Part Number":	"NP3ZZ7632023A",
		"Product Production State":	"1",
		"Product Part Number":	"20-000003",
		"PCB Manufacturer":	"ISU",
		"System Manufacturer":	"Joytech",
		"Extended MAC Address Size":	"140",
		"Facebook PCBA Part Number":	"025-000003-02",
		"Version":	"1",
		"Extended MAC Base":	"3C:2C:99:DF:0A:00",
		"Product Version":	"1"
	},
	"Resources":	[],
	"Actions":	[]
}
2022-11-27 10:27:55.211084 DEBUG BF_PLTFM Assembled at: Joytech 

2022-11-27 10:27:55.213523 DEBUG BF_PLTFM CRC8: 38 

2022-11-27 10:27:55.216032 DEBUG BF_PLTFM Extended MAC Address Size: 140 

2022-11-27 10:27:55.218007 DEBUG BF_PLTFM Extended MAC Base 3c:2c:99:df:a:0

2022-11-27 10:27:55.219847 DEBUG BF_PLTFM BFN PCB Part Number 035-000003-02 

2022-11-27 10:27:55.221289 DEBUG BF_PLTFM BFN PCBA Part Number 025-000003-02 

2022-11-27 10:27:55.222938 DEBUG BF_PLTFM Local MAC 3c:2c:99:df:a:8

2022-11-27 10:27:55.224566 DEBUG BF_PLTFM Location on Fabric: Montara

2022-11-27 10:27:55.226006 DEBUG BF_PLTFM ODM PCBA Part Number NP3ZZ7632023A 

2022-11-27 10:27:55.227497 DEBUG BF_PLTFM ODM PCBA Serial Number AI24054892 

2022-11-27 10:27:55.229065 DEBUG BF_PLTFM PCB Manufacturer: ISU

2022-11-27 10:27:55.230473 DEBUG BF_PLTFM Product Asset Tag: 000000001

2022-11-27 10:27:55.231977 DEBUG BF_PLTFM Product Name: Montara 

2022-11-27 10:27:55.233484 DEBUG BF_PLTFM Product Number: 20-000003 

2022-11-27 10:27:55.234997 DEBUG BF_PLTFM Product Production State: 1 

2022-11-27 10:27:55.236528 DEBUG BF_PLTFM Product Serial Number: AI24055845 

2022-11-27 10:27:55.237904 DEBUG BF_PLTFM Product Sub-Version: 3 

2022-11-27 10:27:55.239381 DEBUG BF_PLTFM Product Version: 1 

2022-11-27 10:27:55.240841 DEBUG BF_PLTFM EEPROM SUCCESS: Board type : 006234

2022-11-27 10:27:55.242300 DEBUG BF_PLTFM System Assembly Part Number: 015-000003-02 

2022-11-27 10:27:55.243770 DEBUG BF_PLTFM System Manufacturer: Joytech 

2022-11-27 10:27:55.245399 DEBUG BF_PLTFM System Manufacturing Date: 06-21-18 

2022-11-27 10:27:55.247010 DEBUG BF_PLTFM Version: 1 

2022-11-27 10:27:55.255133 DEBUG BF_PLTFM USB Initialized at bf_pltfm_cp2112_open:930

2022-11-27 10:27:55.257119 DEBUG BF_PLTFM No Devices found are 6

2022-11-27 10:27:55.258784 DEBUG BF_PLTFM USB devices found at bf_pltfm_cp2112_open:943

2022-11-27 10:27:55.260159 DEBUG BF_PLTFM USB handle found at bf_pltfm_cp2112_open:958

2022-11-27 10:27:55.261671 DEBUG BF_PLTFM The USB dev is 0x7f110401cef0

2022-11-27 10:27:55.263158 DEBUG BF_PLTFM The USB dev handle is 0x7f110401c620

2022-11-27 10:27:55.264455 DEBUG BF_PLTFM Kernel driver auto detach set at bf_pltfm_cp2112_open:980

2022-11-27 10:27:55.266066 DEBUG BF_PLTFM Interface Claimed at bf_pltfm_cp2112_open:992

2022-11-27 10:27:55.267861 DEBUG BF_PLTFM Sm bus initialized bf_pltfm_cp2112_open:1005

2022-11-27 10:27:55.321904 DEBUG BF_PLTFM Error waiting for interrupt response with error code Operation timed out at usb_intr_transfer_in;351

2022-11-27 10:27:55.324405 DEBUG BF_PLTFM Number of bytes transferred are 0

2022-11-27 10:27:55.326269 DEBUG BF_PLTFM Ongoing transfers flushed at bf_pltfm_cp2112_open:1010

2022-11-27 10:27:55.330897 DEBUG BF_PLTFM Outstanding transfers cancelled bf_pltfm_cp2112_open:1015

2022-11-27 10:27:55.332995 DEBUG BF_PLTFM Upper and Lower Devices Differentiated bf_pltfm_cp2112_open:1026

2022-11-27 10:27:55.494090 DEBUG BF_PLTFM pltfm_mgr: health monitor initialized

2022-11-27 10:27:55.496721 DEBUG BF_PLTFM num of QSFP ports=32
2022-11-27 10:27:55.498641 DEBUG BF_PLTFM QSFP: Assert RESETL on all QSFPs
2022-11-27 10:27:55.500091 DEBUG BF_PLTFM QSFP     1 : RESETL = true
2022-11-27 10:27:55.501492 DEBUG BF_PLTFM QSFP     1 : True
2022-11-27 10:27:55.512865 DEBUG BF_PLTFM QSFP     2 : RESETL = true
2022-11-27 10:27:55.514806 DEBUG BF_PLTFM QSFP     2 : True
2022-11-27 10:27:55.525898 DEBUG BF_PLTFM QSFP     3 : RESETL = true
2022-11-27 10:27:55.528678 DEBUG BF_PLTFM QSFP     3 : True
2022-11-27 10:27:55.539899 DEBUG BF_PLTFM QSFP     4 : RESETL = true
2022-11-27 10:27:55.542278 DEBUG BF_PLTFM QSFP     4 : True
2022-11-27 10:27:55.555900 DEBUG BF_PLTFM QSFP     5 : RESETL = true
2022-11-27 10:27:55.557995 DEBUG BF_PLTFM QSFP     5 : True
2022-11-27 10:27:55.568863 DEBUG BF_PLTFM QSFP     6 : RESETL = true
2022-11-27 10:27:55.570773 DEBUG BF_PLTFM QSFP     6 : True
2022-11-27 10:27:55.581899 DEBUG BF_PLTFM QSFP     7 : RESETL = true
2022-11-27 10:27:55.583969 DEBUG BF_PLTFM QSFP     7 : True
2022-11-27 10:27:55.594899 DEBUG BF_PLTFM QSFP     8 : RESETL = true
2022-11-27 10:27:55.596864 DEBUG BF_PLTFM QSFP     8 : True
2022-11-27 10:27:55.607903 DEBUG BF_PLTFM QSFP     9 : RESETL = true
2022-11-27 10:27:55.609920 DEBUG BF_PLTFM QSFP     9 : True
2022-11-27 10:27:55.620866 DEBUG BF_PLTFM QSFP    10 : RESETL = true
2022-11-27 10:27:55.622754 DEBUG BF_PLTFM QSFP    10 : True
2022-11-27 10:27:55.633899 DEBUG BF_PLTFM QSFP    11 : RESETL = true
2022-11-27 10:27:55.635940 DEBUG BF_PLTFM QSFP    11 : True
2022-11-27 10:27:55.646900 DEBUG BF_PLTFM QSFP    12 : RESETL = true
2022-11-27 10:27:55.648938 DEBUG BF_PLTFM QSFP    12 : True
2022-11-27 10:27:55.659900 DEBUG BF_PLTFM QSFP    13 : RESETL = true
2022-11-27 10:27:55.661847 DEBUG BF_PLTFM QSFP    13 : True
2022-11-27 10:27:55.672866 DEBUG BF_PLTFM QSFP    14 : RESETL = true
2022-11-27 10:27:55.674912 DEBUG BF_PLTFM QSFP    14 : True
2022-11-27 10:27:55.685903 DEBUG BF_PLTFM QSFP    15 : RESETL = true
2022-11-27 10:27:55.687996 DEBUG BF_PLTFM QSFP    15 : True
2022-11-27 10:27:55.698898 DEBUG BF_PLTFM QSFP    16 : RESETL = true
2022-11-27 10:27:55.700999 DEBUG BF_PLTFM QSFP    16 : True
2022-11-27 10:27:55.711901 DEBUG BF_PLTFM QSFP    17 : RESETL = true
2022-11-27 10:27:55.713821 DEBUG BF_PLTFM QSFP    17 : True
2022-11-27 10:27:55.724866 DEBUG BF_PLTFM QSFP    18 : RESETL = true
2022-11-27 10:27:55.726931 DEBUG BF_PLTFM QSFP    18 : True
2022-11-27 10:27:55.737900 DEBUG BF_PLTFM QSFP    19 : RESETL = true
2022-11-27 10:27:55.739755 DEBUG BF_PLTFM QSFP    19 : True
2022-11-27 10:27:55.750902 DEBUG BF_PLTFM QSFP    20 : RESETL = true
2022-11-27 10:27:55.752963 DEBUG BF_PLTFM QSFP    20 : True
2022-11-27 10:27:55.763899 DEBUG BF_PLTFM QSFP    21 : RESETL = true
2022-11-27 10:27:55.765885 DEBUG BF_PLTFM QSFP    21 : True
2022-11-27 10:27:55.776869 DEBUG BF_PLTFM QSFP    22 : RESETL = true
2022-11-27 10:27:55.779100 DEBUG BF_PLTFM QSFP    22 : True
2022-11-27 10:27:55.789895 DEBUG BF_PLTFM QSFP    23 : RESETL = true
2022-11-27 10:27:55.791970 DEBUG BF_PLTFM QSFP    23 : True
2022-11-27 10:27:55.802902 DEBUG BF_PLTFM QSFP    24 : RESETL = true
2022-11-27 10:27:55.805502 DEBUG BF_PLTFM QSFP    24 : True
2022-11-27 10:27:55.816867 DEBUG BF_PLTFM QSFP    25 : RESETL = true
2022-11-27 10:27:55.819069 DEBUG BF_PLTFM QSFP    25 : True
2022-11-27 10:27:55.829901 DEBUG BF_PLTFM QSFP    26 : RESETL = true
2022-11-27 10:27:55.832329 DEBUG BF_PLTFM QSFP    26 : True
2022-11-27 10:27:55.843905 DEBUG BF_PLTFM QSFP    27 : RESETL = true
2022-11-27 10:27:55.846262 DEBUG BF_PLTFM QSFP    27 : True
2022-11-27 10:27:55.856870 DEBUG BF_PLTFM QSFP    28 : RESETL = true
2022-11-27 10:27:55.859190 DEBUG BF_PLTFM QSFP    28 : True
2022-11-27 10:27:55.869902 DEBUG BF_PLTFM QSFP    29 : RESETL = true
2022-11-27 10:27:55.872309 DEBUG BF_PLTFM QSFP    29 : True
2022-11-27 10:27:55.883903 DEBUG BF_PLTFM QSFP    30 : RESETL = true
2022-11-27 10:27:55.886301 DEBUG BF_PLTFM QSFP    30 : True
2022-11-27 10:27:55.897900 DEBUG BF_PLTFM QSFP    31 : RESETL = true
2022-11-27 10:27:55.900280 DEBUG BF_PLTFM QSFP    31 : True
2022-11-27 10:27:55.911903 DEBUG BF_PLTFM QSFP    32 : RESETL = true
2022-11-27 10:27:55.914697 DEBUG BF_PLTFM QSFP    32 : True
2022-11-27 10:27:55.929993 DEBUG BF_PLTFM QSFP: Assert LPMODE and De-assert RESETL on all QSFPs
2022-11-27 10:27:55.932787 DEBUG BF_PLTFM QSFP     1 : LPMODE = true
2022-11-27 10:27:55.958903 DEBUG BF_PLTFM QSFP     1 : RESETL = false
2022-11-27 10:27:55.961677 DEBUG BF_PLTFM QSFP     1 : False
2022-11-27 10:27:55.972911 DEBUG BF_PLTFM QSFP     2 : LPMODE = true
2022-11-27 10:27:55.996936 DEBUG BF_PLTFM QSFP     2 : RESETL = false
2022-11-27 10:27:55.999335 DEBUG BF_PLTFM QSFP     2 : False
2022-11-27 10:27:56.010935 DEBUG BF_PLTFM QSFP     3 : LPMODE = true
2022-11-27 10:27:56.034934 DEBUG BF_PLTFM QSFP     3 : RESETL = false
2022-11-27 10:27:56.037692 DEBUG BF_PLTFM QSFP     3 : False
2022-11-27 10:27:56.048934 DEBUG BF_PLTFM QSFP     4 : LPMODE = true
2022-11-27 10:27:56.072936 DEBUG BF_PLTFM QSFP     4 : RESETL = false
2022-11-27 10:27:56.075455 DEBUG BF_PLTFM QSFP     4 : False
2022-11-27 10:27:56.086934 DEBUG BF_PLTFM QSFP     5 : LPMODE = true
2022-11-27 10:27:56.110933 DEBUG BF_PLTFM QSFP     5 : RESETL = false
2022-11-27 10:27:56.113679 DEBUG BF_PLTFM QSFP     5 : False
2022-11-27 10:27:56.124911 DEBUG BF_PLTFM QSFP     6 : LPMODE = true
2022-11-27 10:27:56.148910 DEBUG BF_PLTFM QSFP     6 : RESETL = false
2022-11-27 10:27:56.151755 DEBUG BF_PLTFM QSFP     6 : False
2022-11-27 10:27:56.163954 DEBUG BF_PLTFM QSFP     7 : LPMODE = true
2022-11-27 10:27:56.187941 DEBUG BF_PLTFM QSFP     7 : RESETL = false
2022-11-27 10:27:56.190314 DEBUG BF_PLTFM QSFP     7 : False
2022-11-27 10:27:56.201841 DEBUG BF_PLTFM QSFP     8 : LPMODE = true
2022-11-27 10:27:56.224904 DEBUG BF_PLTFM QSFP     8 : RESETL = false
2022-11-27 10:27:56.227840 DEBUG BF_PLTFM QSFP     8 : False
2022-11-27 10:27:56.238935 DEBUG BF_PLTFM QSFP     9 : LPMODE = true
2022-11-27 10:27:56.262888 DEBUG BF_PLTFM QSFP     9 : RESETL = false
2022-11-27 10:27:56.265240 DEBUG BF_PLTFM QSFP     9 : False
2022-11-27 10:27:56.276846 DEBUG BF_PLTFM QSFP    10 : LPMODE = true
2022-11-27 10:27:56.300860 DEBUG BF_PLTFM QSFP    10 : RESETL = false
2022-11-27 10:27:56.303165 DEBUG BF_PLTFM QSFP    10 : False
2022-11-27 10:27:56.314859 DEBUG BF_PLTFM QSFP    11 : LPMODE = true
2022-11-27 10:27:56.337858 DEBUG BF_PLTFM QSFP    11 : RESETL = false
2022-11-27 10:27:56.340273 DEBUG BF_PLTFM QSFP    11 : False
2022-11-27 10:27:56.351938 DEBUG BF_PLTFM QSFP    12 : LPMODE = true
2022-11-27 10:27:56.374937 DEBUG BF_PLTFM QSFP    12 : RESETL = false
2022-11-27 10:27:56.377504 DEBUG BF_PLTFM QSFP    12 : False
2022-11-27 10:27:56.389941 DEBUG BF_PLTFM QSFP    13 : LPMODE = true
2022-11-27 10:27:56.413939 DEBUG BF_PLTFM QSFP    13 : RESETL = false
2022-11-27 10:27:56.415910 DEBUG BF_PLTFM QSFP    13 : False
2022-11-27 10:27:56.426937 DEBUG BF_PLTFM QSFP    14 : LPMODE = true
2022-11-27 10:27:56.449939 DEBUG BF_PLTFM QSFP    14 : RESETL = false
2022-11-27 10:27:56.452708 DEBUG BF_PLTFM QSFP    14 : False
2022-11-27 10:27:56.463937 DEBUG BF_PLTFM QSFP    15 : LPMODE = true
2022-11-27 10:27:56.486941 DEBUG BF_PLTFM QSFP    15 : RESETL = false
2022-11-27 10:27:56.489466 DEBUG BF_PLTFM QSFP    15 : False
2022-11-27 10:27:56.500911 DEBUG BF_PLTFM QSFP    16 : LPMODE = true
2022-11-27 10:27:56.524939 DEBUG BF_PLTFM QSFP    16 : RESETL = false
2022-11-27 10:27:56.528171 DEBUG BF_PLTFM QSFP    16 : False
2022-11-27 10:27:56.744943 DEBUG BF_PLTFM QSFP    17 : LPMODE = true
2022-11-27 10:27:56.768940 DEBUG BF_PLTFM QSFP    17 : RESETL = false
2022-11-27 10:27:56.772201 DEBUG BF_PLTFM QSFP    17 : False
2022-11-27 10:27:56.783940 DEBUG BF_PLTFM QSFP    18 : LPMODE = true
2022-11-27 10:27:56.807939 DEBUG BF_PLTFM QSFP    18 : RESETL = false
2022-11-27 10:27:56.810654 DEBUG BF_PLTFM QSFP    18 : False
2022-11-27 10:27:56.823940 DEBUG BF_PLTFM QSFP    19 : LPMODE = true
2022-11-27 10:27:56.847898 DEBUG BF_PLTFM QSFP    19 : RESETL = false
2022-11-27 10:27:56.850239 DEBUG BF_PLTFM QSFP    19 : False
2022-11-27 10:27:56.861943 DEBUG BF_PLTFM QSFP    20 : LPMODE = true
2022-11-27 10:27:56.884926 DEBUG BF_PLTFM QSFP    20 : RESETL = false
2022-11-27 10:27:56.887575 DEBUG BF_PLTFM QSFP    20 : False
2022-11-27 10:27:56.898876 DEBUG BF_PLTFM QSFP    21 : LPMODE = true
2022-11-27 10:27:56.921877 DEBUG BF_PLTFM QSFP    21 : RESETL = false
2022-11-27 10:27:56.924350 DEBUG BF_PLTFM QSFP    21 : False
2022-11-27 10:27:56.935882 DEBUG BF_PLTFM QSFP    22 : LPMODE = true
2022-11-27 10:27:56.959880 DEBUG BF_PLTFM QSFP    22 : RESETL = false
2022-11-27 10:27:56.962484 DEBUG BF_PLTFM QSFP    22 : False
2022-11-27 10:27:56.973884 DEBUG BF_PLTFM QSFP    23 : LPMODE = true
2022-11-27 10:27:56.996888 DEBUG BF_PLTFM QSFP    23 : RESETL = false
2022-11-27 10:27:56.999279 DEBUG BF_PLTFM QSFP    23 : False
2022-11-27 10:27:57.010893 DEBUG BF_PLTFM QSFP    24 : LPMODE = true
2022-11-27 10:27:57.034889 DEBUG BF_PLTFM QSFP    24 : RESETL = false
2022-11-27 10:27:57.037606 DEBUG BF_PLTFM QSFP    24 : False
2022-11-27 10:27:57.048887 DEBUG BF_PLTFM QSFP    25 : LPMODE = true
2022-11-27 10:27:57.279895 DEBUG BF_PLTFM QSFP    25 : RESETL = false
2022-11-27 10:27:57.283048 DEBUG BF_PLTFM QSFP    25 : False
2022-11-27 10:27:57.295892 DEBUG BF_PLTFM QSFP    26 : LPMODE = true
2022-11-27 10:27:57.318910 DEBUG BF_PLTFM QSFP    26 : RESETL = false
2022-11-27 10:27:57.321488 DEBUG BF_PLTFM QSFP    26 : False
2022-11-27 10:27:57.332851 DEBUG BF_PLTFM QSFP    27 : LPMODE = true
2022-11-27 10:27:57.356913 DEBUG BF_PLTFM QSFP    27 : RESETL = false
2022-11-27 10:27:57.359201 DEBUG BF_PLTFM QSFP    27 : False
2022-11-27 10:27:57.371848 DEBUG BF_PLTFM QSFP    28 : LPMODE = true
2022-11-27 10:27:57.394911 DEBUG BF_PLTFM QSFP    28 : RESETL = false
2022-11-27 10:27:57.396951 DEBUG BF_PLTFM QSFP    28 : False
2022-11-27 10:27:57.407911 DEBUG BF_PLTFM QSFP    29 : LPMODE = true
2022-11-27 10:27:57.430911 DEBUG BF_PLTFM QSFP    29 : RESETL = false
2022-11-27 10:27:57.432965 DEBUG BF_PLTFM QSFP    29 : False
2022-11-27 10:27:57.443911 DEBUG BF_PLTFM QSFP    30 : LPMODE = true
2022-11-27 10:27:57.466909 DEBUG BF_PLTFM QSFP    30 : RESETL = false
2022-11-27 10:27:57.469043 DEBUG BF_PLTFM QSFP    30 : False
2022-11-27 10:27:57.479877 DEBUG BF_PLTFM QSFP    31 : LPMODE = true
2022-11-27 10:27:57.502911 DEBUG BF_PLTFM QSFP    31 : RESETL = false
2022-11-27 10:27:57.505747 DEBUG BF_PLTFM QSFP    31 : False
2022-11-27 10:27:57.517848 DEBUG BF_PLTFM QSFP    32 : LPMODE = true
2022-11-27 10:27:57.541851 DEBUG BF_PLTFM QSFP    32 : RESETL = false
2022-11-27 10:27:57.544634 DEBUG BF_PLTFM QSFP    32 : False
2022-11-27 10:27:57.555909 DEBUG BF_PLTFM QSFP: Wait 2 sec (t_reset) for QSFPs to initialize..
2022-11-27 10:27:59.559236 DEBUG BF_DVM BF-SDE vesion: 9.9.0
2022-11-27 10:27:59.570371 INFO  BF_TM TM: Registered for device and port discovery
2022-11-27 10:27:59.600918 INFO  BF_DVM bf_pktmgr_device_add dev id 0, is_sw_model 0
2022-11-27 10:27:59.603301 DEBUG BF_LLD  Efuse settings dev 0 subdev 0
2022-11-27 10:27:59.604816 DEBUG BF_LLD                0 : resubmit_disable
2022-11-27 10:27:59.606293 DEBUG BF_LLD                0 : mau_tcam_reduction
2022-11-27 10:27:59.607669 DEBUG BF_LLD                0 : mau_sram_reduction
2022-11-27 10:27:59.609059 DEBUG BF_LLD                0 : packet_generator_disable
2022-11-27 10:27:59.610534 DEBUG BF_LLD                a : pipe_disable
2022-11-27 10:27:59.627500 DEBUG BF_LLD                0 : mau_stage_disable
2022-11-27 10:27:59.628912 DEBUG BF_LLD 0000000000000000 : port_disable (hi)
2022-11-27 10:27:59.630497 DEBUG BF_LLD aaaaaaaaaaaaaaaa : port_disable (lo)
2022-11-27 10:27:59.632017 DEBUG BF_LLD 0000000600000000 : tm_memory_disable
2022-11-27 10:27:59.633555 DEBUG BF_LLD                0 : port_speed_reduction
2022-11-27 10:27:59.635049 DEBUG BF_LLD                0 : cpu_port_speed_reduction
2022-11-27 10:27:59.636487 DEBUG BF_LLD                0 : pcie_lane_reduction
2022-11-27 10:27:59.637798 DEBUG BF_LLD                0 : baresync_disable
2022-11-27 10:27:59.639435 DEBUG BF_LLD                0 : frequency_reduction
2022-11-27 10:27:59.640840 DEBUG BF_LLD                0 : frequency_check_disable
2022-11-27 10:27:59.642233 DEBUG BF_LLD                0 : versioning
2022-11-27 10:27:59.643941 DEBUG BF_LLD                8 : chip_part_number
2022-11-27 10:27:59.645430 DEBUG BF_LLD                1 : part_revision_number
2022-11-27 10:27:59.646853 DEBUG BF_LLD                0 : package_id
2022-11-27 10:27:59.648213 DEBUG BF_LLD 60705ab4e4b04485 : chip_id
2022-11-27 10:27:59.649679 DEBUG BF_LLD              282 : pmro_and_skew
2022-11-27 10:27:59.651381 DEBUG BF_LLD                5 : voltage_scaling
2022-11-27 10:27:59.653104 DEBUG BF_LLD Wafer-id: PHAR95-W13-X7-Y3
2022-11-27 10:27:59.654755 DEBUG BF_LLD dev 0 subdev 0: SPI idcode: 20180221 (rc=0)
2022-11-27 10:27:59.656414 DEBUG BF_LLD TCU: 0 : Memory repair already done <bfdddddd>
2022-11-27 10:27:59.658296 DEBUG BF_LLD EFUSE: Set core clk to 1.22GHz, dev=0, PLL ctrl0 value=0xcd44cbfe
2022-11-27 10:27:59.771716 DEBUG BF_LLD Core PLL has not locked even after 100 ms; PLL Lock chip 0 dbg_rst 1dc
2022-11-27 10:27:59.774961 DEBUG BF_LLD [Unreset] Done after 1 polls
2022-11-27 10:27:59.798935 INFO  BF_DVM bf_device_add dev id 0, is_sw_model 0
2022-11-27 10:27:59.801343 ERROR BF_DVM Program "dyso" Pipeline "dyso_pipe_0" cannot be assigned to device 0 pipe 2, only 2 pipe(s) available
2022-11-27 10:27:59.803569 ERROR BF_DVM Program "dyso" Pipeline "dyso_pipe_1" cannot be assigned to device 0 pipe 3, only 2 pipe(s) available
2022-11-27 10:29:17.649650 ERROR BF_BFRT bfRtInfoGet:159 BfRtInfo Object not found for dev : 0
